[demo.htmlcodex.com/2151/elearning-html-template/contact.html]
[backblue.gif]
[fade.gif]
[index.html]
[demo.htmlcodex.com/2151/elearning-html-template/img/favicon.ico]
[cdnjs.cloudflare.com/ajax/libs/font-awesome/5.10.0/css/all.min.css]
[cdn.jsdelivr.net/npm/bootstrap-icons@1.4.1/font/bootstrap-icons.css]
[demo.htmlcodex.com/2151/elearning-html-template/lib/animate/animate.min.css]
[demo.htmlcodex.com/2151/elearning-html-template/lib/owlcarousel/assets/owl.carousel.min.css]
[demo.htmlcodex.com/2151/elearning-html-template/css/bootstrap.min.css]
[demo.htmlcodex.com/2151/elearning-html-template/css/style.css]
[demo.htmlcodex.com/2151/elearning-html-template/index.html]
[demo.htmlcodex.com/2151/elearning-html-template/about.html]
[demo.htmlcodex.com/2151/elearning-html-template/courses.html]
[demo.htmlcodex.com/2151/elearning-html-template/team.html]
[demo.htmlcodex.com/2151/elearning-html-template/testimonial.html]
[demo.htmlcodex.com/2151/elearning-html-template/404.html]
[demo.htmlcodex.com/2151/elearning-html-template/img/course-1.jpg]
[demo.htmlcodex.com/2151/elearning-html-template/img/course-2.jpg]
[demo.htmlcodex.com/2151/elearning-html-template/img/course-3.jpg]
[demo.htmlcodex.com/cdn-cgi/scripts/5c5dd728/cloudflare-static/email-decode.min.js]
[cdn.jsdelivr.net/npm/bootstrap@5.0.0/dist/js/bootstrap.bundle.min.js]
[code.jquery.com/jquery-3.4.1.min.js]
[demo.htmlcodex.com/2151/elearning-html-template/lib/wow/wow.min.js]
[demo.htmlcodex.com/2151/elearning-html-template/lib/easing/easing.min.js]
[demo.htmlcodex.com/2151/elearning-html-template/lib/waypoints/waypoints.min.js]
[demo.htmlcodex.com/2151/elearning-html-template/lib/owlcarousel/owl.carousel.min.js]
[demo.htmlcodex.com/2151/elearning-html-template/js/main.js]
[demo.htmlcodex.com/2151/elearning-html-template/contact.html]
[demo.htmlcodex.com/2151/elearning-html-template/img/favicon.html]
[cdnjs.cloudflare.com/ajax/libs/font-awesome/5.10.0/css/all.min.css]
[demo.htmlcodex.com/cdn-cgi/scripts/7d0fa10a/cloudflare-static/rocket-loader.min.js]
[cdn.jsdelivr.net/npm/bootstrap-icons@1.4.1/font/fonts/bootstrap-iconsfb95.woff2]
[cdn.jsdelivr.net/npm/bootstrap-icons@1.4.1/font/fonts/bootstrap-iconsfb95.woff]
[cdn.jsdelivr.net/npm/bootstrap-icons@1.4.1/font/bootstrap-icons.css]
[demo.htmlcodex.com/2151/elearning-html-template/lib/animate/animate.min.css]
[demo.htmlcodex.com/2151/elearning-html-template/lib/owlcarousel/assets/owl.video.play.png]
[demo.htmlcodex.com/2151/elearning-html-template/lib/owlcarousel/assets/owl.carousel.min.css]
[demo.htmlcodex.com/2151/elearning-html-template/css/bootstrap.min.css]
[demo.htmlcodex.com/2151/elearning-html-template/img/carousel-1.jpg]
[demo.htmlcodex.com/2151/elearning-html-template/css/style.css]
[demo.htmlcodex.com/2151/elearning-html-template/img/carousel-2.jpg]
[demo.htmlcodex.com/2151/elearning-html-template/img/about.jpg]
[demo.htmlcodex.com/2151/elearning-html-template/img/cat-1.jpg]
[demo.htmlcodex.com/2151/elearning-html-template/img/cat-2.jpg]
[demo.htmlcodex.com/2151/elearning-html-template/img/cat-3.jpg]
[demo.htmlcodex.com/2151/elearning-html-template/img/cat-4.jpg]
[demo.htmlcodex.com/2151/elearning-html-template/img/team-1.jpg]
[demo.htmlcodex.com/2151/elearning-html-template/img/team-2.jpg]
[demo.htmlcodex.com/2151/elearning-html-template/img/team-3.jpg]
[demo.htmlcodex.com/2151/elearning-html-template/img/team-4.jpg]
[demo.htmlcodex.com/2151/elearning-html-template/img/testimonial-1.jpg]
[demo.htmlcodex.com/2151/elearning-html-template/img/testimonial-2.jpg]
[demo.htmlcodex.com/2151/elearning-html-template/img/testimonial-3.jpg]
[demo.htmlcodex.com/2151/elearning-html-template/img/testimonial-4.jpg]
[demo.htmlcodex.com/2151/elearning-html-template/index.html]
[demo.htmlcodex.com/2151/elearning-html-template/about.html]
[demo.htmlcodex.com/2151/elearning-html-template/courses.html]
[demo.htmlcodex.com/2151/elearning-html-template/team.html]
[demo.htmlcodex.com/2151/elearning-html-template/testimonial.html]
[demo.htmlcodex.com/2151/elearning-html-template/404.html]
